<?xml version="1.0" encoding="UTF-8"?>
<testsuite xmlns:xsi="http://www.w3.org/2001/XMLSchema-instance" xsi:noNamespaceSchemaLocation="https://maven.apache.org/surefire/maven-surefire-plugin/xsd/surefire-test-report-3.0.xsd" version="3.0" name="Login to All Applications with Account Creation" time="45.753" tests="3" errors="0" skipped="0" failures="0">
  <properties>
    <property name="java.specification.version" value="23"/>
    <property name="sun.jnu.encoding" value="UTF-8"/>
    <property name="java.class.path" value="/Users/varunkumarb/Downloads/autotest-web/target/test-classes:/Users/varunkumarb/Downloads/autotest-web/target/classes:/Users/varunkumarb/.m2/repository/net/serenity-bdd/serenity-core/4.0.28/serenity-core-4.0.28.jar:/Users/varunkumarb/.m2/repository/net/serenity-bdd/serenity-model/4.0.28/serenity-model-4.0.28.jar:/Users/varunkumarb/.m2/repository/org/apache/commons/commons-text/1.11.0/commons-text-1.11.0.jar:/Users/varunkumarb/.m2/repository/commons-net/commons-net/3.10.0/commons-net-3.10.0.jar:/Users/varunkumarb/.m2/repository/com/google/guava/guava/32.1.3-jre/guava-32.1.3-jre.jar:/Users/varunkumarb/.m2/repository/com/google/guava/failureaccess/1.0.1/failureaccess-1.0.1.jar:/Users/varunkumarb/.m2/repository/com/google/guava/listenablefuture/9999.0-empty-to-avoid-conflict-with-guava/listenablefuture-9999.0-empty-to-avoid-conflict-with-guava.jar:/Users/varunkumarb/.m2/repository/com/google/code/findbugs/jsr305/3.0.2/jsr305-3.0.2.jar:/Users/varunkumarb/.m2/repository/com/google/j2objc/j2objc-annotations/2.8/j2objc-annotations-2.8.jar:/Users/varunkumarb/.m2/repository/org/jsoup/jsoup/1.15.4/jsoup-1.15.4.jar:/Users/varunkumarb/.m2/repository/com/thoughtworks/xstream/xstream/1.4.20/xstream-1.4.20.jar:/Users/varunkumarb/.m2/repository/io/github/x-stream/mxparser/1.2.2/mxparser-1.2.2.jar:/Users/varunkumarb/.m2/repository/xmlpull/xmlpull/1.1.3.1/xmlpull-1.1.3.1.jar:/Users/varunkumarb/.m2/repository/com/typesafe/config/1.4.3/config-1.4.3.jar:/Users/varunkumarb/.m2/repository/org/imgscalr/imgscalr-lib/4.2/imgscalr-lib-4.2.jar:/Users/varunkumarb/.m2/repository/org/awaitility/awaitility/4.2.0/awaitility-4.2.0.jar:/Users/varunkumarb/.m2/repository/org/freemarker/freemarker/2.3.32/freemarker-2.3.32.jar:/Users/varunkumarb/.m2/repository/io/github/classgraph/classgraph/4.8.157/classgraph-4.8.157.jar:/Users/varunkumarb/.m2/repository/org/ehcache/ehcache/3.10.8/ehcache-3.10.8.jar:/Users/varunkumarb/.m2/repository/javax/cache/cache-api/1.1.0/cache-api-1.1.0.jar:/Users/varunkumarb/.m2/repository/net/sourceforge/jexcelapi/jxl/2.6.12/jxl-2.6.12.jar:/Users/varunkumarb/.m2/repository/net/bytebuddy/byte-buddy-agent/1.14.10/byte-buddy-agent-1.14.10.jar:/Users/varunkumarb/.m2/repository/org/objenesis/objenesis/3.3/objenesis-3.3.jar:/Users/varunkumarb/.m2/repository/com/vladsch/flexmark/flexmark-all/0.64.8/flexmark-all-0.64.8.jar:/Users/varunkumarb/.m2/repository/com/vladsch/flexmark/flexmark/0.64.8/flexmark-0.64.8.jar:/Users/varunkumarb/.m2/repository/com/vladsch/flexmark/flexmark-ext-abbreviation/0.64.8/flexmark-ext-abbreviation-0.64.8.jar:/Users/varunkumarb/.m2/repository/com/vladsch/flexmark/flexmark-ext-admonition/0.64.8/flexmark-ext-admonition-0.64.8.jar:/Users/varunkumarb/.m2/repository/com/vladsch/flexmark/flexmark-ext-anchorlink/0.64.8/flexmark-ext-anchorlink-0.64.8.jar:/Users/varunkumarb/.m2/repository/com/vladsch/flexmark/flexmark-ext-aside/0.64.8/flexmark-ext-aside-0.64.8.jar:/Users/varunkumarb/.m2/repository/com/vladsch/flexmark/flexmark-ext-attributes/0.64.8/flexmark-ext-attributes-0.64.8.jar:/Users/varunkumarb/.m2/repository/com/vladsch/flexmark/flexmark-ext-autolink/0.64.8/flexmark-ext-autolink-0.64.8.jar:/Users/varunkumarb/.m2/repository/org/nibor/autolink/autolink/0.6.0/autolink-0.6.0.jar:/Users/varunkumarb/.m2/repository/com/vladsch/flexmark/flexmark-ext-definition/0.64.8/flexmark-ext-definition-0.64.8.jar:/Users/varunkumarb/.m2/repository/com/vladsch/flexmark/flexmark-ext-emoji/0.64.8/flexmark-ext-emoji-0.64.8.jar:/Users/varunkumarb/.m2/repository/com/vladsch/flexmark/flexmark-ext-enumerated-reference/0.64.8/flexmark-ext-enumerated-reference-0.64.8.jar:/Users/varunkumarb/.m2/repository/com/vladsch/flexmark/flexmark-ext-escaped-character/0.64.8/flexmark-ext-escaped-character-0.64.8.jar:/Users/varunkumarb/.m2/repository/com/vladsch/flexmark/flexmark-ext-footnotes/0.64.8/flexmark-ext-footnotes-0.64.8.jar:/Users/varunkumarb/.m2/repository/com/vladsch/flexmark/flexmark-ext-gfm-issues/0.64.8/flexmark-ext-gfm-issues-0.64.8.jar:/Users/varunkumarb/.m2/repository/com/vladsch/flexmark/flexmark-ext-gfm-strikethrough/0.64.8/flexmark-ext-gfm-strikethrough-0.64.8.jar:/Users/varunkumarb/.m2/repository/com/vladsch/flexmark/flexmark-ext-gfm-tasklist/0.64.8/flexmark-ext-gfm-tasklist-0.64.8.jar:/Users/varunkumarb/.m2/repository/com/vladsch/flexmark/flexmark-ext-gfm-users/0.64.8/flexmark-ext-gfm-users-0.64.8.jar:/Users/varunkumarb/.m2/repository/com/vladsch/flexmark/flexmark-ext-gitlab/0.64.8/flexmark-ext-gitlab-0.64.8.jar:/Users/varunkumarb/.m2/repository/com/vladsch/flexmark/flexmark-ext-jekyll-front-matter/0.64.8/flexmark-ext-jekyll-front-matter-0.64.8.jar:/Users/varunkumarb/.m2/repository/com/vladsch/flexmark/flexmark-ext-jekyll-tag/0.64.8/flexmark-ext-jekyll-tag-0.64.8.jar:/Users/varunkumarb/.m2/repository/com/vladsch/flexmark/flexmark-ext-media-tags/0.64.8/flexmark-ext-media-tags-0.64.8.jar:/Users/varunkumarb/.m2/repository/com/vladsch/flexmark/flexmark-ext-macros/0.64.8/flexmark-ext-macros-0.64.8.jar:/Users/varunkumarb/.m2/repository/com/vladsch/flexmark/flexmark-ext-ins/0.64.8/flexmark-ext-ins-0.64.8.jar:/Users/varunkumarb/.m2/repository/com/vladsch/flexmark/flexmark-ext-xwiki-macros/0.64.8/flexmark-ext-xwiki-macros-0.64.8.jar:/Users/varunkumarb/.m2/repository/com/vladsch/flexmark/flexmark-ext-superscript/0.64.8/flexmark-ext-superscript-0.64.8.jar:/Users/varunkumarb/.m2/repository/com/vladsch/flexmark/flexmark-ext-toc/0.64.8/flexmark-ext-toc-0.64.8.jar:/Users/varunkumarb/.m2/repository/com/vladsch/flexmark/flexmark-ext-typographic/0.64.8/flexmark-ext-typographic-0.64.8.jar:/Users/varunkumarb/.m2/repository/com/vladsch/flexmark/flexmark-ext-wikilink/0.64.8/flexmark-ext-wikilink-0.64.8.jar:/Users/varunkumarb/.m2/repository/com/vladsch/flexmark/flexmark-ext-yaml-front-matter/0.64.8/flexmark-ext-yaml-front-matter-0.64.8.jar:/Users/varunkumarb/.m2/repository/com/vladsch/flexmark/flexmark-ext-youtube-embedded/0.64.8/flexmark-ext-youtube-embedded-0.64.8.jar:/Users/varunkumarb/.m2/repository/com/vladsch/flexmark/flexmark-html2md-converter/0.64.8/flexmark-html2md-converter-0.64.8.jar:/Users/varunkumarb/.m2/repository/com/vladsch/flexmark/flexmark-jira-converter/0.64.8/flexmark-jira-converter-0.64.8.jar:/Users/varunkumarb/.m2/repository/com/vladsch/flexmark/flexmark-pdf-converter/0.64.8/flexmark-pdf-converter-0.64.8.jar:/Users/varunkumarb/.m2/repository/com/openhtmltopdf/openhtmltopdf-core/1.0.10/openhtmltopdf-core-1.0.10.jar:/Users/varunkumarb/.m2/repository/com/openhtmltopdf/openhtmltopdf-pdfbox/1.0.10/openhtmltopdf-pdfbox-1.0.10.jar:/Users/varunkumarb/.m2/repository/org/apache/pdfbox/pdfbox/2.0.24/pdfbox-2.0.24.jar:/Users/varunkumarb/.m2/repository/org/apache/pdfbox/fontbox/2.0.24/fontbox-2.0.24.jar:/Users/varunkumarb/.m2/repository/org/apache/pdfbox/xmpbox/2.0.24/xmpbox-2.0.24.jar:/Users/varunkumarb/.m2/repository/de/rototor/pdfbox/graphics2d/0.32/graphics2d-0.32.jar:/Users/varunkumarb/.m2/repository/com/openhtmltopdf/openhtmltopdf-rtl-support/1.0.10/openhtmltopdf-rtl-support-1.0.10.jar:/Users/varunkumarb/.m2/repository/com/vladsch/flexmark/flexmark-profile-pegdown/0.64.8/flexmark-profile-pegdown-0.64.8.jar:/Users/varunkumarb/.m2/repository/com/vladsch/flexmark/flexmark-util-ast/0.64.8/flexmark-util-ast-0.64.8.jar:/Users/varunkumarb/.m2/repository/com/vladsch/flexmark/flexmark-util-builder/0.64.8/flexmark-util-builder-0.64.8.jar:/Users/varunkumarb/.m2/repository/com/vladsch/flexmark/flexmark-util-collection/0.64.8/flexmark-util-collection-0.64.8.jar:/Users/varunkumarb/.m2/repository/com/vladsch/flexmark/flexmark-util-data/0.64.8/flexmark-util-data-0.64.8.jar:/Users/varunkumarb/.m2/repository/com/vladsch/flexmark/flexmark-util-dependency/0.64.8/flexmark-util-dependency-0.64.8.jar:/Users/varunkumarb/.m2/repository/com/vladsch/flexmark/flexmark-util-format/0.64.8/flexmark-util-format-0.64.8.jar:/Users/varunkumarb/.m2/repository/com/vladsch/flexmark/flexmark-util-html/0.64.8/flexmark-util-html-0.64.8.jar:/Users/varunkumarb/.m2/repository/com/vladsch/flexmark/flexmark-util-misc/0.64.8/flexmark-util-misc-0.64.8.jar:/Users/varunkumarb/.m2/repository/com/vladsch/flexmark/flexmark-util-options/0.64.8/flexmark-util-options-0.64.8.jar:/Users/varunkumarb/.m2/repository/com/vladsch/flexmark/flexmark-util-sequence/0.64.8/flexmark-util-sequence-0.64.8.jar:/Users/varunkumarb/.m2/repository/com/vladsch/flexmark/flexmark-util-visitor/0.64.8/flexmark-util-visitor-0.64.8.jar:/Users/varunkumarb/.m2/repository/com/vladsch/flexmark/flexmark-youtrack-converter/0.64.8/flexmark-youtrack-converter-0.64.8.jar:/Users/varunkumarb/.m2/repository/com/vladsch/flexmark/flexmark-ext-resizable-image/0.64.8/flexmark-ext-resizable-image-0.64.8.jar:/Users/varunkumarb/.m2/repository/com/vladsch/flexmark/flexmark-ext-tables/0.64.8/flexmark-ext-tables-0.64.8.jar:/Users/varunkumarb/.m2/repository/com/vladsch/flexmark/flexmark-util/0.64.8/flexmark-util-0.64.8.jar:/Users/varunkumarb/.m2/repository/net/serenity-bdd/serenity-reports/4.0.28/serenity-reports-4.0.28.jar:/Users/varunkumarb/.m2/repository/net/serenity-bdd/serenity-stats/4.0.28/serenity-stats-4.0.28.jar:/Users/varunkumarb/.m2/repository/net/serenity-bdd/serenity-reports-configuration/4.0.28/serenity-reports-configuration-4.0.28.jar:/Users/varunkumarb/.m2/repository/com/ibm/icu/icu4j/72.1/icu4j-72.1.jar:/Users/varunkumarb/.m2/repository/es/nitaur/markdown/txtmark/0.16/txtmark-0.16.jar:/Users/varunkumarb/.m2/repository/net/serenity-bdd/serenity-report-resources/4.0.28/serenity-report-resources-4.0.28.jar:/Users/varunkumarb/.m2/repository/com/google/code/gson/gson/2.10.1/gson-2.10.1.jar:/Users/varunkumarb/.m2/repository/com/fasterxml/jackson/core/jackson-core/2.16.0/jackson-core-2.16.0.jar:/Users/varunkumarb/.m2/repository/com/fasterxml/jackson/core/jackson-databind/2.16.0/jackson-databind-2.16.0.jar:/Users/varunkumarb/.m2/repository/commons-codec/commons-codec/1.16.0/commons-codec-1.16.0.jar:/Users/varunkumarb/.m2/repository/commons-io/commons-io/2.15.1/commons-io-2.15.1.jar:/Users/varunkumarb/.m2/repository/org/apache/httpcomponents/httpclient/4.5.13/httpclient-4.5.13.jar:/Users/varunkumarb/.m2/repository/org/apache/httpcomponents/httpcore/4.4.13/httpcore-4.4.13.jar:/Users/varunkumarb/.m2/repository/commons-logging/commons-logging/1.2/commons-logging-1.2.jar:/Users/varunkumarb/.m2/repository/org/seleniumhq/selenium/selenium-java/4.15.0/selenium-java-4.15.0.jar:/Users/varunkumarb/.m2/repository/org/seleniumhq/selenium/selenium-devtools-v117/4.15.0/selenium-devtools-v117-4.15.0.jar:/Users/varunkumarb/.m2/repository/org/seleniumhq/selenium/selenium-devtools-v118/4.15.0/selenium-devtools-v118-4.15.0.jar:/Users/varunkumarb/.m2/repository/org/seleniumhq/selenium/selenium-devtools-v119/4.15.0/selenium-devtools-v119-4.15.0.jar:/Users/varunkumarb/.m2/repository/org/seleniumhq/selenium/selenium-devtools-v85/4.15.0/selenium-devtools-v85-4.15.0.jar:/Users/varunkumarb/.m2/repository/org/seleniumhq/selenium/selenium-remote-driver/4.15.0/selenium-remote-driver-4.15.0.jar:/Users/varunkumarb/.m2/repository/io/opentelemetry/opentelemetry-api/1.28.0/opentelemetry-api-1.28.0.jar:/Users/varunkumarb/.m2/repository/io/opentelemetry/opentelemetry-context/1.28.0/opentelemetry-context-1.28.0.jar:/Users/varunkumarb/.m2/repository/io/opentelemetry/opentelemetry-exporter-logging/1.28.0/opentelemetry-exporter-logging-1.28.0.jar:/Users/varunkumarb/.m2/repository/io/opentelemetry/opentelemetry-sdk-metrics/1.28.0/opentelemetry-sdk-metrics-1.28.0.jar:/Users/varunkumarb/.m2/repository/io/opentelemetry/opentelemetry-extension-incubator/1.28.0-alpha/opentelemetry-extension-incubator-1.28.0-alpha.jar:/Users/varunkumarb/.m2/repository/io/opentelemetry/opentelemetry-sdk-logs/1.28.0/opentelemetry-sdk-logs-1.28.0.jar:/Users/varunkumarb/.m2/repository/io/opentelemetry/opentelemetry-sdk-common/1.28.0/opentelemetry-sdk-common-1.28.0.jar:/Users/varunkumarb/.m2/repository/io/opentelemetry/opentelemetry-sdk-extension-autoconfigure-spi/1.28.0/opentelemetry-sdk-extension-autoconfigure-spi-1.28.0.jar:/Users/varunkumarb/.m2/repository/io/opentelemetry/opentelemetry-sdk-extension-autoconfigure/1.28.0/opentelemetry-sdk-extension-autoconfigure-1.28.0.jar:/Users/varunkumarb/.m2/repository/io/opentelemetry/opentelemetry-api-events/1.28.0-alpha/opentelemetry-api-events-1.28.0-alpha.jar:/Users/varunkumarb/.m2/repository/io/opentelemetry/opentelemetry-sdk-trace/1.28.0/opentelemetry-sdk-trace-1.28.0.jar:/Users/varunkumarb/.m2/repository/io/opentelemetry/opentelemetry-sdk/1.28.0/opentelemetry-sdk-1.28.0.jar:/Users/varunkumarb/.m2/repository/io/opentelemetry/opentelemetry-semconv/1.28.0-alpha/opentelemetry-semconv-1.28.0-alpha.jar:/Users/varunkumarb/.m2/repository/org/seleniumhq/selenium/selenium-os/4.15.0/selenium-os-4.15.0.jar:/Users/varunkumarb/.m2/repository/org/apache/commons/commons-exec/1.3/commons-exec-1.3.jar:/Users/varunkumarb/.m2/repository/org/seleniumhq/selenium/selenium-safari-driver/4.15.0/selenium-safari-driver-4.15.0.jar:/Users/varunkumarb/.m2/repository/org/seleniumhq/selenium/selenium-api/4.15.0/selenium-api-4.15.0.jar:/Users/varunkumarb/.m2/repository/org/seleniumhq/selenium/selenium-support/4.15.0/selenium-support-4.15.0.jar:/Users/varunkumarb/.m2/repository/com/google/auto/service/auto-service-annotations/1.1.1/auto-service-annotations-1.1.1.jar:/Users/varunkumarb/.m2/repository/org/seleniumhq/selenium/selenium-json/4.15.0/selenium-json-4.15.0.jar:/Users/varunkumarb/.m2/repository/org/seleniumhq/selenium/selenium-chrome-driver/4.15.0/selenium-chrome-driver-4.15.0.jar:/Users/varunkumarb/.m2/repository/org/seleniumhq/selenium/selenium-chromium-driver/4.15.0/selenium-chromium-driver-4.15.0.jar:/Users/varunkumarb/.m2/repository/org/seleniumhq/selenium/selenium-manager/4.15.0/selenium-manager-4.15.0.jar:/Users/varunkumarb/.m2/repository/org/seleniumhq/selenium/selenium-firefox-driver/4.15.0/selenium-firefox-driver-4.15.0.jar:/Users/varunkumarb/.m2/repository/org/seleniumhq/selenium/selenium-http/4.15.0/selenium-http-4.15.0.jar:/Users/varunkumarb/.m2/repository/dev/failsafe/failsafe/3.3.2/failsafe-3.3.2.jar:/Users/varunkumarb/.m2/repository/org/seleniumhq/selenium/selenium-edge-driver/4.15.0/selenium-edge-driver-4.15.0.jar:/Users/varunkumarb/.m2/repository/org/seleniumhq/selenium/selenium-ie-driver/4.15.0/selenium-ie-driver-4.15.0.jar:/Users/varunkumarb/.m2/repository/org/htmlunit/htmlunit/3.9.0/htmlunit-3.9.0.jar:/Users/varunkumarb/.m2/repository/org/apache/httpcomponents/httpmime/4.5.14/httpmime-4.5.14.jar:/Users/varunkumarb/.m2/repository/org/htmlunit/htmlunit-core-js/3.9.0/htmlunit-core-js-3.9.0.jar:/Users/varunkumarb/.m2/repository/org/htmlunit/neko-htmlunit/3.9.0/neko-htmlunit-3.9.0.jar:/Users/varunkumarb/.m2/repository/org/htmlunit/htmlunit-cssparser/3.9.0/htmlunit-cssparser-3.9.0.jar:/Users/varunkumarb/.m2/repository/org/htmlunit/htmlunit-xpath/3.9.0/htmlunit-xpath-3.9.0.jar:/Users/varunkumarb/.m2/repository/org/htmlunit/htmlunit-csp/3.9.0/htmlunit-csp-3.9.0.jar:/Users/varunkumarb/.m2/repository/org/brotli/dec/0.1.2/dec-0.1.2.jar:/Users/varunkumarb/.m2/repository/org/eclipse/jetty/websocket/websocket-client/9.4.53.v20231009/websocket-client-9.4.53.v20231009.jar:/Users/varunkumarb/.m2/repository/org/eclipse/jetty/jetty-client/9.4.53.v20231009/jetty-client-9.4.53.v20231009.jar:/Users/varunkumarb/.m2/repository/org/eclipse/jetty/jetty-http/9.4.53.v20231009/jetty-http-9.4.53.v20231009.jar:/Users/varunkumarb/.m2/repository/org/eclipse/jetty/jetty-util/9.4.53.v20231009/jetty-util-9.4.53.v20231009.jar:/Users/varunkumarb/.m2/repository/org/eclipse/jetty/jetty-io/9.4.53.v20231009/jetty-io-9.4.53.v20231009.jar:/Users/varunkumarb/.m2/repository/org/eclipse/jetty/websocket/websocket-common/9.4.53.v20231009/websocket-common-9.4.53.v20231009.jar:/Users/varunkumarb/.m2/repository/org/eclipse/jetty/websocket/websocket-api/9.4.53.v20231009/websocket-api-9.4.53.v20231009.jar:/Users/varunkumarb/.m2/repository/org/seleniumhq/selenium/htmlunit3-driver/4.15.0/htmlunit3-driver-4.15.0.jar:/Users/varunkumarb/.m2/repository/io/appium/java-client/9.0.0/java-client-9.0.0.jar:/Users/varunkumarb/.m2/repository/org/apache/groovy/groovy/4.0.13/groovy-4.0.13.jar:/Users/varunkumarb/.m2/repository/net/sf/opencsv/opencsv/2.1/opencsv-2.1.jar:/Users/varunkumarb/.m2/repository/org/apache/commons/commons-lang3/3.14.0/commons-lang3-3.14.0.jar:/Users/varunkumarb/.m2/repository/org/apache/commons/commons-compress/1.25.0/commons-compress-1.25.0.jar:/Users/varunkumarb/.m2/repository/org/fluentlenium/fluentlenium-core/0.10.2/fluentlenium-core-0.10.2.jar:/Users/varunkumarb/.m2/repository/com/jhlabs/filters/2.0.235/filters-2.0.235.jar:/Users/varunkumarb/.m2/repository/com/paulhammant/ngwebdriver/1.1.6/ngwebdriver-1.1.6.jar:/Users/varunkumarb/.m2/repository/joda-time/joda-time/2.12.5/joda-time-2.12.5.jar:/Users/varunkumarb/.m2/repository/org/hamcrest/hamcrest/2.2/hamcrest-2.2.jar:/Users/varunkumarb/.m2/repository/com/google/jimfs/jimfs/1.3.0/jimfs-1.3.0.jar:/Users/varunkumarb/.m2/repository/org/mockito/mockito-core/3.3.3/mockito-core-3.3.3.jar:/Users/varunkumarb/.m2/repository/javax/xml/bind/jaxb-api/2.3.1/jaxb-api-2.3.1.jar:/Users/varunkumarb/.m2/repository/javax/activation/javax.activation-api/1.2.0/javax.activation-api-1.2.0.jar:/Users/varunkumarb/.m2/repository/com/sun/xml/bind/jaxb-core/2.3.0.1/jaxb-core-2.3.0.1.jar:/Users/varunkumarb/.m2/repository/com/sun/xml/bind/jaxb-impl/2.3.3/jaxb-impl-2.3.3.jar:/Users/varunkumarb/.m2/repository/com/sun/activation/jakarta.activation/1.2.2/jakarta.activation-1.2.2.jar:/Users/varunkumarb/.m2/repository/javax/activation/activation/1.1.1/activation-1.1.1.jar:/Users/varunkumarb/.m2/repository/net/serenity-bdd/serenity-cucumber/4.0.28/serenity-cucumber-4.0.28.jar:/Users/varunkumarb/.m2/repository/net/serenity-bdd/serenity-screenplay/4.0.28/serenity-screenplay-4.0.28.jar:/Users/varunkumarb/.m2/repository/net/serenity-bdd/serenity-screenplay-webdriver/4.0.28/serenity-screenplay-webdriver-4.0.28.jar:/Users/varunkumarb/.m2/repository/io/cucumber/cucumber-core/7.14.0/cucumber-core-7.14.0.jar:/Users/varunkumarb/.m2/repository/io/cucumber/cucumber-gherkin/7.14.0/cucumber-gherkin-7.14.0.jar:/Users/varunkumarb/.m2/repository/io/cucumber/cucumber-gherkin-messages/7.14.0/cucumber-gherkin-messages-7.14.0.jar:/Users/varunkumarb/.m2/repository/io/cucumber/gherkin/26.2.0/gherkin-26.2.0.jar:/Users/varunkumarb/.m2/repository/io/cucumber/messages/22.0.0/messages-22.0.0.jar:/Users/varunkumarb/.m2/repository/io/cucumber/tag-expressions/5.0.6/tag-expressions-5.0.6.jar:/Users/varunkumarb/.m2/repository/io/cucumber/cucumber-expressions/16.1.2/cucumber-expressions-16.1.2.jar:/Users/varunkumarb/.m2/repository/io/cucumber/datatable/7.14.0/datatable-7.14.0.jar:/Users/varunkumarb/.m2/repository/io/cucumber/cucumber-plugin/7.14.0/cucumber-plugin-7.14.0.jar:/Users/varunkumarb/.m2/repository/io/cucumber/docstring/7.14.0/docstring-7.14.0.jar:/Users/varunkumarb/.m2/repository/io/cucumber/html-formatter/20.4.0/html-formatter-20.4.0.jar:/Users/varunkumarb/.m2/repository/io/cucumber/junit-xml-formatter/0.2.0/junit-xml-formatter-0.2.0.jar:/Users/varunkumarb/.m2/repository/io/cucumber/ci-environment/9.2.0/ci-environment-9.2.0.jar:/Users/varunkumarb/.m2/repository/io/cucumber/cucumber-java/7.14.0/cucumber-java-7.14.0.jar:/Users/varunkumarb/.m2/repository/io/cucumber/cucumber-junit/7.14.0/cucumber-junit-7.14.0.jar:/Users/varunkumarb/.m2/repository/org/apiguardian/apiguardian-api/1.1.2/apiguardian-api-1.1.2.jar:/Users/varunkumarb/.m2/repository/org/apache/commons/commons-csv/1.5/commons-csv-1.5.jar:/Users/varunkumarb/.m2/repository/net/serenity-bdd/serenity-ensure/4.0.28/serenity-ensure-4.0.28.jar:/Users/varunkumarb/.m2/repository/org/jetbrains/kotlin/kotlin-stdlib/1.9.0/kotlin-stdlib-1.9.0.jar:/Users/varunkumarb/.m2/repository/org/jetbrains/kotlin/kotlin-stdlib-common/1.9.0/kotlin-stdlib-common-1.9.0.jar:/Users/varunkumarb/.m2/repository/org/jetbrains/annotations/13.0/annotations-13.0.jar:/Users/varunkumarb/.m2/repository/net/serenity-bdd/serenity-junit/4.0.28/serenity-junit-4.0.28.jar:/Users/varunkumarb/.m2/repository/junit/junit/4.13.2/junit-4.13.2.jar:/Users/varunkumarb/.m2/repository/jakarta/xml/bind/jakarta.xml.bind-api/4.0.0/jakarta.xml.bind-api-4.0.0.jar:/Users/varunkumarb/.m2/repository/jakarta/activation/jakarta.activation-api/2.1.0/jakarta.activation-api-2.1.0.jar:/Users/varunkumarb/.m2/repository/org/slf4j/slf4j-api/2.0.9/slf4j-api-2.0.9.jar:/Users/varunkumarb/.m2/repository/org/assertj/assertj-core/3.24.2/assertj-core-3.24.2.jar:/Users/varunkumarb/.m2/repository/net/bytebuddy/byte-buddy/1.12.21/byte-buddy-1.12.21.jar:/Users/varunkumarb/.m2/repository/org/apache/poi/poi-ooxml/5.2.5/poi-ooxml-5.2.5.jar:/Users/varunkumarb/.m2/repository/org/apache/poi/poi/5.2.5/poi-5.2.5.jar:/Users/varunkumarb/.m2/repository/org/apache/commons/commons-math3/3.6.1/commons-math3-3.6.1.jar:/Users/varunkumarb/.m2/repository/com/zaxxer/SparseBitSet/1.3/SparseBitSet-1.3.jar:/Users/varunkumarb/.m2/repository/org/apache/poi/poi-ooxml-lite/5.2.5/poi-ooxml-lite-5.2.5.jar:/Users/varunkumarb/.m2/repository/org/apache/xmlbeans/xmlbeans/5.2.0/xmlbeans-5.2.0.jar:/Users/varunkumarb/.m2/repository/com/github/virtuald/curvesapi/1.08/curvesapi-1.08.jar:/Users/varunkumarb/.m2/repository/org/apache/logging/log4j/log4j-api/2.21.1/log4j-api-2.21.1.jar:/Users/varunkumarb/.m2/repository/org/apache/commons/commons-collections4/4.4/commons-collections4-4.4.jar:/Users/varunkumarb/.m2/repository/org/slf4j/slf4j-simple/2.0.9/slf4j-simple-2.0.9.jar:/Users/varunkumarb/.m2/repository/org/projectlombok/lombok/1.18.30/lombok-1.18.30.jar:/Users/varunkumarb/.m2/repository/com/microsoft/sqlserver/mssql-jdbc/12.4.2.jre8/mssql-jdbc-12.4.2.jre8.jar:/Users/varunkumarb/.m2/repository/org/postgresql/postgresql/42.7.1/postgresql-42.7.1.jar:/Users/varunkumarb/.m2/repository/org/checkerframework/checker-qual/3.41.0/checker-qual-3.41.0.jar:/Users/varunkumarb/.m2/repository/com/flagsmith/flagsmith-java-client/7.1.0/flagsmith-java-client-7.1.0.jar:/Users/varunkumarb/.m2/repository/com/squareup/okhttp3/okhttp/4.11.0/okhttp-4.11.0.jar:/Users/varunkumarb/.m2/repository/com/squareup/okio/okio/3.2.0/okio-3.2.0.jar:/Users/varunkumarb/.m2/repository/com/squareup/okio/okio-jvm/3.2.0/okio-jvm-3.2.0.jar:/Users/varunkumarb/.m2/repository/org/jetbrains/kotlin/kotlin-stdlib-jdk8/1.6.20/kotlin-stdlib-jdk8-1.6.20.jar:/Users/varunkumarb/.m2/repository/org/jetbrains/kotlin/kotlin-stdlib-jdk7/1.6.20/kotlin-stdlib-jdk7-1.6.20.jar:/Users/varunkumarb/.m2/repository/com/fasterxml/jackson/core/jackson-annotations/2.15.2/jackson-annotations-2.15.2.jar:/Users/varunkumarb/.m2/repository/com/github/ben-manes/caffeine/caffeine/2.9.0/caffeine-2.9.0.jar:/Users/varunkumarb/.m2/repository/com/google/errorprone/error_prone_annotations/2.5.1/error_prone_annotations-2.5.1.jar:/Users/varunkumarb/.m2/repository/org/apache/maven/maven-artifact/3.6.3/maven-artifact-3.6.3.jar:/Users/varunkumarb/.m2/repository/org/codehaus/plexus/plexus-utils/3.2.1/plexus-utils-3.2.1.jar:/Users/varunkumarb/.m2/repository/net/serenity-bdd/serenity-rest-assured/4.0.28/serenity-rest-assured-4.0.28.jar:/Users/varunkumarb/.m2/repository/io/rest-assured/rest-assured/5.3.2/rest-assured-5.3.2.jar:/Users/varunkumarb/.m2/repository/org/ccil/cowan/tagsoup/tagsoup/1.2.1/tagsoup-1.2.1.jar:/Users/varunkumarb/.m2/repository/io/rest-assured/json-path/5.3.2/json-path-5.3.2.jar:/Users/varunkumarb/.m2/repository/io/rest-assured/rest-assured-common/5.3.2/rest-assured-common-5.3.2.jar:/Users/varunkumarb/.m2/repository/io/rest-assured/xml-path/5.3.2/xml-path-5.3.2.jar:/Users/varunkumarb/.m2/repository/org/apache/groovy/groovy-json/4.0.13/groovy-json-4.0.13.jar:/Users/varunkumarb/.m2/repository/org/apache/groovy/groovy-xml/4.0.13/groovy-xml-4.0.13.jar:/Users/varunkumarb/.m2/repository/org/opentest4j/opentest4j/1.2.0/opentest4j-1.2.0.jar:/Users/varunkumarb/.m2/repository/org/mongodb/mongo-java-driver/3.12.14/mongo-java-driver-3.12.14.jar:/Users/varunkumarb/.m2/repository/com/azure/azure-storage-blob/12.25.1/azure-storage-blob-12.25.1.jar:/Users/varunkumarb/.m2/repository/com/azure/azure-core/1.45.1/azure-core-1.45.1.jar:/Users/varunkumarb/.m2/repository/com/azure/azure-json/1.1.0/azure-json-1.1.0.jar:/Users/varunkumarb/.m2/repository/com/fasterxml/jackson/datatype/jackson-datatype-jsr310/2.13.5/jackson-datatype-jsr310-2.13.5.jar:/Users/varunkumarb/.m2/repository/io/projectreactor/reactor-core/3.4.34/reactor-core-3.4.34.jar:/Users/varunkumarb/.m2/repository/org/reactivestreams/reactive-streams/1.0.4/reactive-streams-1.0.4.jar:/Users/varunkumarb/.m2/repository/com/azure/azure-core-http-netty/1.13.11/azure-core-http-netty-1.13.11.jar:/Users/varunkumarb/.m2/repository/io/netty/netty-handler/4.1.101.Final/netty-handler-4.1.101.Final.jar:/Users/varunkumarb/.m2/repository/io/netty/netty-resolver/4.1.101.Final/netty-resolver-4.1.101.Final.jar:/Users/varunkumarb/.m2/repository/io/netty/netty-transport/4.1.101.Final/netty-transport-4.1.101.Final.jar:/Users/varunkumarb/.m2/repository/io/netty/netty-handler-proxy/4.1.101.Final/netty-handler-proxy-4.1.101.Final.jar:/Users/varunkumarb/.m2/repository/io/netty/netty-codec-socks/4.1.101.Final/netty-codec-socks-4.1.101.Final.jar:/Users/varunkumarb/.m2/repository/io/netty/netty-buffer/4.1.101.Final/netty-buffer-4.1.101.Final.jar:/Users/varunkumarb/.m2/repository/io/netty/netty-codec/4.1.101.Final/netty-codec-4.1.101.Final.jar:/Users/varunkumarb/.m2/repository/io/netty/netty-codec-http/4.1.101.Final/netty-codec-http-4.1.101.Final.jar:/Users/varunkumarb/.m2/repository/io/netty/netty-codec-http2/4.1.101.Final/netty-codec-http2-4.1.101.Final.jar:/Users/varunkumarb/.m2/repository/io/netty/netty-transport-native-unix-common/4.1.101.Final/netty-transport-native-unix-common-4.1.101.Final.jar:/Users/varunkumarb/.m2/repository/io/netty/netty-transport-native-epoll/4.1.101.Final/netty-transport-native-epoll-4.1.101.Final-linux-x86_64.jar:/Users/varunkumarb/.m2/repository/io/netty/netty-transport-classes-epoll/4.1.101.Final/netty-transport-classes-epoll-4.1.101.Final.jar:/Users/varunkumarb/.m2/repository/io/netty/netty-transport-native-kqueue/4.1.101.Final/netty-transport-native-kqueue-4.1.101.Final-osx-x86_64.jar:/Users/varunkumarb/.m2/repository/io/netty/netty-transport-classes-kqueue/4.1.101.Final/netty-transport-classes-kqueue-4.1.101.Final.jar:/Users/varunkumarb/.m2/repository/io/netty/netty-tcnative-boringssl-static/2.0.62.Final/netty-tcnative-boringssl-static-2.0.62.Final.jar:/Users/varunkumarb/.m2/repository/io/netty/netty-tcnative-classes/2.0.62.Final/netty-tcnative-classes-2.0.62.Final.jar:/Users/varunkumarb/.m2/repository/io/netty/netty-tcnative-boringssl-static/2.0.62.Final/netty-tcnative-boringssl-static-2.0.62.Final-linux-x86_64.jar:/Users/varunkumarb/.m2/repository/io/netty/netty-tcnative-boringssl-static/2.0.62.Final/netty-tcnative-boringssl-static-2.0.62.Final-linux-aarch_64.jar:/Users/varunkumarb/.m2/repository/io/netty/netty-tcnative-boringssl-static/2.0.62.Final/netty-tcnative-boringssl-static-2.0.62.Final-osx-x86_64.jar:/Users/varunkumarb/.m2/repository/io/netty/netty-tcnative-boringssl-static/2.0.62.Final/netty-tcnative-boringssl-static-2.0.62.Final-osx-aarch_64.jar:/Users/varunkumarb/.m2/repository/io/netty/netty-tcnative-boringssl-static/2.0.62.Final/netty-tcnative-boringssl-static-2.0.62.Final-windows-x86_64.jar:/Users/varunkumarb/.m2/repository/io/projectreactor/netty/reactor-netty-http/1.0.39/reactor-netty-http-1.0.39.jar:/Users/varunkumarb/.m2/repository/io/netty/netty-resolver-dns/4.1.101.Final/netty-resolver-dns-4.1.101.Final.jar:/Users/varunkumarb/.m2/repository/io/netty/netty-codec-dns/4.1.101.Final/netty-codec-dns-4.1.101.Final.jar:/Users/varunkumarb/.m2/repository/io/netty/netty-resolver-dns-native-macos/4.1.101.Final/netty-resolver-dns-native-macos-4.1.101.Final-osx-x86_64.jar:/Users/varunkumarb/.m2/repository/io/netty/netty-resolver-dns-classes-macos/4.1.101.Final/netty-resolver-dns-classes-macos-4.1.101.Final.jar:/Users/varunkumarb/.m2/repository/io/projectreactor/netty/reactor-netty-core/1.0.39/reactor-netty-core-1.0.39.jar:/Users/varunkumarb/.m2/repository/io/netty/netty-common/4.1.101.Final/netty-common-4.1.101.Final.jar:/Users/varunkumarb/.m2/repository/com/azure/azure-storage-common/12.24.1/azure-storage-common-12.24.1.jar:/Users/varunkumarb/.m2/repository/com/azure/azure-storage-internal-avro/12.10.1/azure-storage-internal-avro-12.10.1.jar:/Users/varunkumarb/.m2/repository/com/fasterxml/jackson/dataformat/jackson-dataformat-xml/2.13.5/jackson-dataformat-xml-2.13.5.jar:/Users/varunkumarb/.m2/repository/org/codehaus/woodstox/stax2-api/4.2.1/stax2-api-4.2.1.jar:/Users/varunkumarb/.m2/repository/com/fasterxml/woodstox/woodstox-core/6.4.0/woodstox-core-6.4.0.jar:/Users/varunkumarb/.m2/repository/org/json/json/20180130/json-20180130.jar:/Users/varunkumarb/.m2/repository/com/azure/azure-storage-queue/12.17.1/azure-storage-queue-12.17.1.jar:/Users/varunkumarb/.m2/repository/com/jayway/jsonpath/json-path/2.9.0/json-path-2.9.0.jar:/Users/varunkumarb/.m2/repository/net/minidev/json-smart/2.5.0/json-smart-2.5.0.jar:/Users/varunkumarb/.m2/repository/net/minidev/accessors-smart/2.5.0/accessors-smart-2.5.0.jar:/Users/varunkumarb/.m2/repository/org/ow2/asm/asm/9.3/asm-9.3.jar:/Users/varunkumarb/.m2/repository/net/datafaker/datafaker/2.3.0/datafaker-2.3.0.jar:/Users/varunkumarb/.m2/repository/org/yaml/snakeyaml/2.2/snakeyaml-2.2.jar:/Users/varunkumarb/.m2/repository/com/github/curious-odd-man/rgxgen/2.0/rgxgen-2.0.jar:/Users/varunkumarb/.m2/repository/com/googlecode/libphonenumber/libphonenumber/8.13.40/libphonenumber-8.13.40.jar:"/>
    <property name="forkCount" value="0"/>
    <property name="java.vm.vendor" value="Oracle Corporation"/>
    <property name="sun.arch.data.model" value="64"/>
    <property name="java.vendor.url" value="https://java.oracle.com/"/>
    <property name="user.timezone" value="Asia/Kolkata"/>
    <property name="os.name" value="Mac OS X"/>
    <property name="java.vm.specification.version" value="23"/>
    <property name="sun.java.launcher" value="SUN_STANDARD"/>
    <property name="user.country" value="IN"/>
    <property name="sun.boot.library.path" value="/Users/varunkumarb/Library/Java/JavaVirtualMachines/openjdk-23.0.2/Contents/Home/lib"/>
    <property name="sun.java.command" value="/Users/varunkumarb/Downloads/autotest-web/target/surefire/surefirebooter-20250401143554119_3.jar /Users/varunkumarb/Downloads/autotest-web/target/surefire 2025-04-01T14-35-53_993-jvmRun1 surefire-20250401143554119_1tmp surefire_0-20250401143554119_2tmp"/>
    <property name="http.nonProxyHosts" value="local|*.local|169.254/16|*.169.254/16"/>
    <property name="webdriver.driver" value="chrome"/>
    <property name="jdk.debug" value="release"/>
    <property name="surefire.test.class.path" value="/Users/varunkumarb/Downloads/autotest-web/target/test-classes:/Users/varunkumarb/Downloads/autotest-web/target/classes:/Users/varunkumarb/.m2/repository/net/serenity-bdd/serenity-core/4.0.28/serenity-core-4.0.28.jar:/Users/varunkumarb/.m2/repository/net/serenity-bdd/serenity-model/4.0.28/serenity-model-4.0.28.jar:/Users/varunkumarb/.m2/repository/org/apache/commons/commons-text/1.11.0/commons-text-1.11.0.jar:/Users/varunkumarb/.m2/repository/commons-net/commons-net/3.10.0/commons-net-3.10.0.jar:/Users/varunkumarb/.m2/repository/com/google/guava/guava/32.1.3-jre/guava-32.1.3-jre.jar:/Users/varunkumarb/.m2/repository/com/google/guava/failureaccess/1.0.1/failureaccess-1.0.1.jar:/Users/varunkumarb/.m2/repository/com/google/guava/listenablefuture/9999.0-empty-to-avoid-conflict-with-guava/listenablefuture-9999.0-empty-to-avoid-conflict-with-guava.jar:/Users/varunkumarb/.m2/repository/com/google/code/findbugs/jsr305/3.0.2/jsr305-3.0.2.jar:/Users/varunkumarb/.m2/repository/com/google/j2objc/j2objc-annotations/2.8/j2objc-annotations-2.8.jar:/Users/varunkumarb/.m2/repository/org/jsoup/jsoup/1.15.4/jsoup-1.15.4.jar:/Users/varunkumarb/.m2/repository/com/thoughtworks/xstream/xstream/1.4.20/xstream-1.4.20.jar:/Users/varunkumarb/.m2/repository/io/github/x-stream/mxparser/1.2.2/mxparser-1.2.2.jar:/Users/varunkumarb/.m2/repository/xmlpull/xmlpull/1.1.3.1/xmlpull-1.1.3.1.jar:/Users/varunkumarb/.m2/repository/com/typesafe/config/1.4.3/config-1.4.3.jar:/Users/varunkumarb/.m2/repository/org/imgscalr/imgscalr-lib/4.2/imgscalr-lib-4.2.jar:/Users/varunkumarb/.m2/repository/org/awaitility/awaitility/4.2.0/awaitility-4.2.0.jar:/Users/varunkumarb/.m2/repository/org/freemarker/freemarker/2.3.32/freemarker-2.3.32.jar:/Users/varunkumarb/.m2/repository/io/github/classgraph/classgraph/4.8.157/classgraph-4.8.157.jar:/Users/varunkumarb/.m2/repository/org/ehcache/ehcache/3.10.8/ehcache-3.10.8.jar:/Users/varunkumarb/.m2/repository/javax/cache/cache-api/1.1.0/cache-api-1.1.0.jar:/Users/varunkumarb/.m2/repository/net/sourceforge/jexcelapi/jxl/2.6.12/jxl-2.6.12.jar:/Users/varunkumarb/.m2/repository/net/bytebuddy/byte-buddy-agent/1.14.10/byte-buddy-agent-1.14.10.jar:/Users/varunkumarb/.m2/repository/org/objenesis/objenesis/3.3/objenesis-3.3.jar:/Users/varunkumarb/.m2/repository/com/vladsch/flexmark/flexmark-all/0.64.8/flexmark-all-0.64.8.jar:/Users/varunkumarb/.m2/repository/com/vladsch/flexmark/flexmark/0.64.8/flexmark-0.64.8.jar:/Users/varunkumarb/.m2/repository/com/vladsch/flexmark/flexmark-ext-abbreviation/0.64.8/flexmark-ext-abbreviation-0.64.8.jar:/Users/varunkumarb/.m2/repository/com/vladsch/flexmark/flexmark-ext-admonition/0.64.8/flexmark-ext-admonition-0.64.8.jar:/Users/varunkumarb/.m2/repository/com/vladsch/flexmark/flexmark-ext-anchorlink/0.64.8/flexmark-ext-anchorlink-0.64.8.jar:/Users/varunkumarb/.m2/repository/com/vladsch/flexmark/flexmark-ext-aside/0.64.8/flexmark-ext-aside-0.64.8.jar:/Users/varunkumarb/.m2/repository/com/vladsch/flexmark/flexmark-ext-attributes/0.64.8/flexmark-ext-attributes-0.64.8.jar:/Users/varunkumarb/.m2/repository/com/vladsch/flexmark/flexmark-ext-autolink/0.64.8/flexmark-ext-autolink-0.64.8.jar:/Users/varunkumarb/.m2/repository/org/nibor/autolink/autolink/0.6.0/autolink-0.6.0.jar:/Users/varunkumarb/.m2/repository/com/vladsch/flexmark/flexmark-ext-definition/0.64.8/flexmark-ext-definition-0.64.8.jar:/Users/varunkumarb/.m2/repository/com/vladsch/flexmark/flexmark-ext-emoji/0.64.8/flexmark-ext-emoji-0.64.8.jar:/Users/varunkumarb/.m2/repository/com/vladsch/flexmark/flexmark-ext-enumerated-reference/0.64.8/flexmark-ext-enumerated-reference-0.64.8.jar:/Users/varunkumarb/.m2/repository/com/vladsch/flexmark/flexmark-ext-escaped-character/0.64.8/flexmark-ext-escaped-character-0.64.8.jar:/Users/varunkumarb/.m2/repository/com/vladsch/flexmark/flexmark-ext-footnotes/0.64.8/flexmark-ext-footnotes-0.64.8.jar:/Users/varunkumarb/.m2/repository/com/vladsch/flexmark/flexmark-ext-gfm-issues/0.64.8/flexmark-ext-gfm-issues-0.64.8.jar:/Users/varunkumarb/.m2/repository/com/vladsch/flexmark/flexmark-ext-gfm-strikethrough/0.64.8/flexmark-ext-gfm-strikethrough-0.64.8.jar:/Users/varunkumarb/.m2/repository/com/vladsch/flexmark/flexmark-ext-gfm-tasklist/0.64.8/flexmark-ext-gfm-tasklist-0.64.8.jar:/Users/varunkumarb/.m2/repository/com/vladsch/flexmark/flexmark-ext-gfm-users/0.64.8/flexmark-ext-gfm-users-0.64.8.jar:/Users/varunkumarb/.m2/repository/com/vladsch/flexmark/flexmark-ext-gitlab/0.64.8/flexmark-ext-gitlab-0.64.8.jar:/Users/varunkumarb/.m2/repository/com/vladsch/flexmark/flexmark-ext-jekyll-front-matter/0.64.8/flexmark-ext-jekyll-front-matter-0.64.8.jar:/Users/varunkumarb/.m2/repository/com/vladsch/flexmark/flexmark-ext-jekyll-tag/0.64.8/flexmark-ext-jekyll-tag-0.64.8.jar:/Users/varunkumarb/.m2/repository/com/vladsch/flexmark/flexmark-ext-media-tags/0.64.8/flexmark-ext-media-tags-0.64.8.jar:/Users/varunkumarb/.m2/repository/com/vladsch/flexmark/flexmark-ext-macros/0.64.8/flexmark-ext-macros-0.64.8.jar:/Users/varunkumarb/.m2/repository/com/vladsch/flexmark/flexmark-ext-ins/0.64.8/flexmark-ext-ins-0.64.8.jar:/Users/varunkumarb/.m2/repository/com/vladsch/flexmark/flexmark-ext-xwiki-macros/0.64.8/flexmark-ext-xwiki-macros-0.64.8.jar:/Users/varunkumarb/.m2/repository/com/vladsch/flexmark/flexmark-ext-superscript/0.64.8/flexmark-ext-superscript-0.64.8.jar:/Users/varunkumarb/.m2/repository/com/vladsch/flexmark/flexmark-ext-toc/0.64.8/flexmark-ext-toc-0.64.8.jar:/Users/varunkumarb/.m2/repository/com/vladsch/flexmark/flexmark-ext-typographic/0.64.8/flexmark-ext-typographic-0.64.8.jar:/Users/varunkumarb/.m2/repository/com/vladsch/flexmark/flexmark-ext-wikilink/0.64.8/flexmark-ext-wikilink-0.64.8.jar:/Users/varunkumarb/.m2/repository/com/vladsch/flexmark/flexmark-ext-yaml-front-matter/0.64.8/flexmark-ext-yaml-front-matter-0.64.8.jar:/Users/varunkumarb/.m2/repository/com/vladsch/flexmark/flexmark-ext-youtube-embedded/0.64.8/flexmark-ext-youtube-embedded-0.64.8.jar:/Users/varunkumarb/.m2/repository/com/vladsch/flexmark/flexmark-html2md-converter/0.64.8/flexmark-html2md-converter-0.64.8.jar:/Users/varunkumarb/.m2/repository/com/vladsch/flexmark/flexmark-jira-converter/0.64.8/flexmark-jira-converter-0.64.8.jar:/Users/varunkumarb/.m2/repository/com/vladsch/flexmark/flexmark-pdf-converter/0.64.8/flexmark-pdf-converter-0.64.8.jar:/Users/varunkumarb/.m2/repository/com/openhtmltopdf/openhtmltopdf-core/1.0.10/openhtmltopdf-core-1.0.10.jar:/Users/varunkumarb/.m2/repository/com/openhtmltopdf/openhtmltopdf-pdfbox/1.0.10/openhtmltopdf-pdfbox-1.0.10.jar:/Users/varunkumarb/.m2/repository/org/apache/pdfbox/pdfbox/2.0.24/pdfbox-2.0.24.jar:/Users/varunkumarb/.m2/repository/org/apache/pdfbox/fontbox/2.0.24/fontbox-2.0.24.jar:/Users/varunkumarb/.m2/repository/org/apache/pdfbox/xmpbox/2.0.24/xmpbox-2.0.24.jar:/Users/varunkumarb/.m2/repository/de/rototor/pdfbox/graphics2d/0.32/graphics2d-0.32.jar:/Users/varunkumarb/.m2/repository/com/openhtmltopdf/openhtmltopdf-rtl-support/1.0.10/openhtmltopdf-rtl-support-1.0.10.jar:/Users/varunkumarb/.m2/repository/com/vladsch/flexmark/flexmark-profile-pegdown/0.64.8/flexmark-profile-pegdown-0.64.8.jar:/Users/varunkumarb/.m2/repository/com/vladsch/flexmark/flexmark-util-ast/0.64.8/flexmark-util-ast-0.64.8.jar:/Users/varunkumarb/.m2/repository/com/vladsch/flexmark/flexmark-util-builder/0.64.8/flexmark-util-builder-0.64.8.jar:/Users/varunkumarb/.m2/repository/com/vladsch/flexmark/flexmark-util-collection/0.64.8/flexmark-util-collection-0.64.8.jar:/Users/varunkumarb/.m2/repository/com/vladsch/flexmark/flexmark-util-data/0.64.8/flexmark-util-data-0.64.8.jar:/Users/varunkumarb/.m2/repository/com/vladsch/flexmark/flexmark-util-dependency/0.64.8/flexmark-util-dependency-0.64.8.jar:/Users/varunkumarb/.m2/repository/com/vladsch/flexmark/flexmark-util-format/0.64.8/flexmark-util-format-0.64.8.jar:/Users/varunkumarb/.m2/repository/com/vladsch/flexmark/flexmark-util-html/0.64.8/flexmark-util-html-0.64.8.jar:/Users/varunkumarb/.m2/repository/com/vladsch/flexmark/flexmark-util-misc/0.64.8/flexmark-util-misc-0.64.8.jar:/Users/varunkumarb/.m2/repository/com/vladsch/flexmark/flexmark-util-options/0.64.8/flexmark-util-options-0.64.8.jar:/Users/varunkumarb/.m2/repository/com/vladsch/flexmark/flexmark-util-sequence/0.64.8/flexmark-util-sequence-0.64.8.jar:/Users/varunkumarb/.m2/repository/com/vladsch/flexmark/flexmark-util-visitor/0.64.8/flexmark-util-visitor-0.64.8.jar:/Users/varunkumarb/.m2/repository/com/vladsch/flexmark/flexmark-youtrack-converter/0.64.8/flexmark-youtrack-converter-0.64.8.jar:/Users/varunkumarb/.m2/repository/com/vladsch/flexmark/flexmark-ext-resizable-image/0.64.8/flexmark-ext-resizable-image-0.64.8.jar:/Users/varunkumarb/.m2/repository/com/vladsch/flexmark/flexmark-ext-tables/0.64.8/flexmark-ext-tables-0.64.8.jar:/Users/varunkumarb/.m2/repository/com/vladsch/flexmark/flexmark-util/0.64.8/flexmark-util-0.64.8.jar:/Users/varunkumarb/.m2/repository/net/serenity-bdd/serenity-reports/4.0.28/serenity-reports-4.0.28.jar:/Users/varunkumarb/.m2/repository/net/serenity-bdd/serenity-stats/4.0.28/serenity-stats-4.0.28.jar:/Users/varunkumarb/.m2/repository/net/serenity-bdd/serenity-reports-configuration/4.0.28/serenity-reports-configuration-4.0.28.jar:/Users/varunkumarb/.m2/repository/com/ibm/icu/icu4j/72.1/icu4j-72.1.jar:/Users/varunkumarb/.m2/repository/es/nitaur/markdown/txtmark/0.16/txtmark-0.16.jar:/Users/varunkumarb/.m2/repository/net/serenity-bdd/serenity-report-resources/4.0.28/serenity-report-resources-4.0.28.jar:/Users/varunkumarb/.m2/repository/com/google/code/gson/gson/2.10.1/gson-2.10.1.jar:/Users/varunkumarb/.m2/repository/com/fasterxml/jackson/core/jackson-core/2.16.0/jackson-core-2.16.0.jar:/Users/varunkumarb/.m2/repository/com/fasterxml/jackson/core/jackson-databind/2.16.0/jackson-databind-2.16.0.jar:/Users/varunkumarb/.m2/repository/commons-codec/commons-codec/1.16.0/commons-codec-1.16.0.jar:/Users/varunkumarb/.m2/repository/commons-io/commons-io/2.15.1/commons-io-2.15.1.jar:/Users/varunkumarb/.m2/repository/org/apache/httpcomponents/httpclient/4.5.13/httpclient-4.5.13.jar:/Users/varunkumarb/.m2/repository/org/apache/httpcomponents/httpcore/4.4.13/httpcore-4.4.13.jar:/Users/varunkumarb/.m2/repository/commons-logging/commons-logging/1.2/commons-logging-1.2.jar:/Users/varunkumarb/.m2/repository/org/seleniumhq/selenium/selenium-java/4.15.0/selenium-java-4.15.0.jar:/Users/varunkumarb/.m2/repository/org/seleniumhq/selenium/selenium-devtools-v117/4.15.0/selenium-devtools-v117-4.15.0.jar:/Users/varunkumarb/.m2/repository/org/seleniumhq/selenium/selenium-devtools-v118/4.15.0/selenium-devtools-v118-4.15.0.jar:/Users/varunkumarb/.m2/repository/org/seleniumhq/selenium/selenium-devtools-v119/4.15.0/selenium-devtools-v119-4.15.0.jar:/Users/varunkumarb/.m2/repository/org/seleniumhq/selenium/selenium-devtools-v85/4.15.0/selenium-devtools-v85-4.15.0.jar:/Users/varunkumarb/.m2/repository/org/seleniumhq/selenium/selenium-remote-driver/4.15.0/selenium-remote-driver-4.15.0.jar:/Users/varunkumarb/.m2/repository/io/opentelemetry/opentelemetry-api/1.28.0/opentelemetry-api-1.28.0.jar:/Users/varunkumarb/.m2/repository/io/opentelemetry/opentelemetry-context/1.28.0/opentelemetry-context-1.28.0.jar:/Users/varunkumarb/.m2/repository/io/opentelemetry/opentelemetry-exporter-logging/1.28.0/opentelemetry-exporter-logging-1.28.0.jar:/Users/varunkumarb/.m2/repository/io/opentelemetry/opentelemetry-sdk-metrics/1.28.0/opentelemetry-sdk-metrics-1.28.0.jar:/Users/varunkumarb/.m2/repository/io/opentelemetry/opentelemetry-extension-incubator/1.28.0-alpha/opentelemetry-extension-incubator-1.28.0-alpha.jar:/Users/varunkumarb/.m2/repository/io/opentelemetry/opentelemetry-sdk-logs/1.28.0/opentelemetry-sdk-logs-1.28.0.jar:/Users/varunkumarb/.m2/repository/io/opentelemetry/opentelemetry-sdk-common/1.28.0/opentelemetry-sdk-common-1.28.0.jar:/Users/varunkumarb/.m2/repository/io/opentelemetry/opentelemetry-sdk-extension-autoconfigure-spi/1.28.0/opentelemetry-sdk-extension-autoconfigure-spi-1.28.0.jar:/Users/varunkumarb/.m2/repository/io/opentelemetry/opentelemetry-sdk-extension-autoconfigure/1.28.0/opentelemetry-sdk-extension-autoconfigure-1.28.0.jar:/Users/varunkumarb/.m2/repository/io/opentelemetry/opentelemetry-api-events/1.28.0-alpha/opentelemetry-api-events-1.28.0-alpha.jar:/Users/varunkumarb/.m2/repository/io/opentelemetry/opentelemetry-sdk-trace/1.28.0/opentelemetry-sdk-trace-1.28.0.jar:/Users/varunkumarb/.m2/repository/io/opentelemetry/opentelemetry-sdk/1.28.0/opentelemetry-sdk-1.28.0.jar:/Users/varunkumarb/.m2/repository/io/opentelemetry/opentelemetry-semconv/1.28.0-alpha/opentelemetry-semconv-1.28.0-alpha.jar:/Users/varunkumarb/.m2/repository/org/seleniumhq/selenium/selenium-os/4.15.0/selenium-os-4.15.0.jar:/Users/varunkumarb/.m2/repository/org/apache/commons/commons-exec/1.3/commons-exec-1.3.jar:/Users/varunkumarb/.m2/repository/org/seleniumhq/selenium/selenium-safari-driver/4.15.0/selenium-safari-driver-4.15.0.jar:/Users/varunkumarb/.m2/repository/org/seleniumhq/selenium/selenium-api/4.15.0/selenium-api-4.15.0.jar:/Users/varunkumarb/.m2/repository/org/seleniumhq/selenium/selenium-support/4.15.0/selenium-support-4.15.0.jar:/Users/varunkumarb/.m2/repository/com/google/auto/service/auto-service-annotations/1.1.1/auto-service-annotations-1.1.1.jar:/Users/varunkumarb/.m2/repository/org/seleniumhq/selenium/selenium-json/4.15.0/selenium-json-4.15.0.jar:/Users/varunkumarb/.m2/repository/org/seleniumhq/selenium/selenium-chrome-driver/4.15.0/selenium-chrome-driver-4.15.0.jar:/Users/varunkumarb/.m2/repository/org/seleniumhq/selenium/selenium-chromium-driver/4.15.0/selenium-chromium-driver-4.15.0.jar:/Users/varunkumarb/.m2/repository/org/seleniumhq/selenium/selenium-manager/4.15.0/selenium-manager-4.15.0.jar:/Users/varunkumarb/.m2/repository/org/seleniumhq/selenium/selenium-firefox-driver/4.15.0/selenium-firefox-driver-4.15.0.jar:/Users/varunkumarb/.m2/repository/org/seleniumhq/selenium/selenium-http/4.15.0/selenium-http-4.15.0.jar:/Users/varunkumarb/.m2/repository/dev/failsafe/failsafe/3.3.2/failsafe-3.3.2.jar:/Users/varunkumarb/.m2/repository/org/seleniumhq/selenium/selenium-edge-driver/4.15.0/selenium-edge-driver-4.15.0.jar:/Users/varunkumarb/.m2/repository/org/seleniumhq/selenium/selenium-ie-driver/4.15.0/selenium-ie-driver-4.15.0.jar:/Users/varunkumarb/.m2/repository/org/htmlunit/htmlunit/3.9.0/htmlunit-3.9.0.jar:/Users/varunkumarb/.m2/repository/org/apache/httpcomponents/httpmime/4.5.14/httpmime-4.5.14.jar:/Users/varunkumarb/.m2/repository/org/htmlunit/htmlunit-core-js/3.9.0/htmlunit-core-js-3.9.0.jar:/Users/varunkumarb/.m2/repository/org/htmlunit/neko-htmlunit/3.9.0/neko-htmlunit-3.9.0.jar:/Users/varunkumarb/.m2/repository/org/htmlunit/htmlunit-cssparser/3.9.0/htmlunit-cssparser-3.9.0.jar:/Users/varunkumarb/.m2/repository/org/htmlunit/htmlunit-xpath/3.9.0/htmlunit-xpath-3.9.0.jar:/Users/varunkumarb/.m2/repository/org/htmlunit/htmlunit-csp/3.9.0/htmlunit-csp-3.9.0.jar:/Users/varunkumarb/.m2/repository/org/brotli/dec/0.1.2/dec-0.1.2.jar:/Users/varunkumarb/.m2/repository/org/eclipse/jetty/websocket/websocket-client/9.4.53.v20231009/websocket-client-9.4.53.v20231009.jar:/Users/varunkumarb/.m2/repository/org/eclipse/jetty/jetty-client/9.4.53.v20231009/jetty-client-9.4.53.v20231009.jar:/Users/varunkumarb/.m2/repository/org/eclipse/jetty/jetty-http/9.4.53.v20231009/jetty-http-9.4.53.v20231009.jar:/Users/varunkumarb/.m2/repository/org/eclipse/jetty/jetty-util/9.4.53.v20231009/jetty-util-9.4.53.v20231009.jar:/Users/varunkumarb/.m2/repository/org/eclipse/jetty/jetty-io/9.4.53.v20231009/jetty-io-9.4.53.v20231009.jar:/Users/varunkumarb/.m2/repository/org/eclipse/jetty/websocket/websocket-common/9.4.53.v20231009/websocket-common-9.4.53.v20231009.jar:/Users/varunkumarb/.m2/repository/org/eclipse/jetty/websocket/websocket-api/9.4.53.v20231009/websocket-api-9.4.53.v20231009.jar:/Users/varunkumarb/.m2/repository/org/seleniumhq/selenium/htmlunit3-driver/4.15.0/htmlunit3-driver-4.15.0.jar:/Users/varunkumarb/.m2/repository/io/appium/java-client/9.0.0/java-client-9.0.0.jar:/Users/varunkumarb/.m2/repository/org/apache/groovy/groovy/4.0.13/groovy-4.0.13.jar:/Users/varunkumarb/.m2/repository/net/sf/opencsv/opencsv/2.1/opencsv-2.1.jar:/Users/varunkumarb/.m2/repository/org/apache/commons/commons-lang3/3.14.0/commons-lang3-3.14.0.jar:/Users/varunkumarb/.m2/repository/org/apache/commons/commons-compress/1.25.0/commons-compress-1.25.0.jar:/Users/varunkumarb/.m2/repository/org/fluentlenium/fluentlenium-core/0.10.2/fluentlenium-core-0.10.2.jar:/Users/varunkumarb/.m2/repository/com/jhlabs/filters/2.0.235/filters-2.0.235.jar:/Users/varunkumarb/.m2/repository/com/paulhammant/ngwebdriver/1.1.6/ngwebdriver-1.1.6.jar:/Users/varunkumarb/.m2/repository/joda-time/joda-time/2.12.5/joda-time-2.12.5.jar:/Users/varunkumarb/.m2/repository/org/hamcrest/hamcrest/2.2/hamcrest-2.2.jar:/Users/varunkumarb/.m2/repository/com/google/jimfs/jimfs/1.3.0/jimfs-1.3.0.jar:/Users/varunkumarb/.m2/repository/org/mockito/mockito-core/3.3.3/mockito-core-3.3.3.jar:/Users/varunkumarb/.m2/repository/javax/xml/bind/jaxb-api/2.3.1/jaxb-api-2.3.1.jar:/Users/varunkumarb/.m2/repository/javax/activation/javax.activation-api/1.2.0/javax.activation-api-1.2.0.jar:/Users/varunkumarb/.m2/repository/com/sun/xml/bind/jaxb-core/2.3.0.1/jaxb-core-2.3.0.1.jar:/Users/varunkumarb/.m2/repository/com/sun/xml/bind/jaxb-impl/2.3.3/jaxb-impl-2.3.3.jar:/Users/varunkumarb/.m2/repository/com/sun/activation/jakarta.activation/1.2.2/jakarta.activation-1.2.2.jar:/Users/varunkumarb/.m2/repository/javax/activation/activation/1.1.1/activation-1.1.1.jar:/Users/varunkumarb/.m2/repository/net/serenity-bdd/serenity-cucumber/4.0.28/serenity-cucumber-4.0.28.jar:/Users/varunkumarb/.m2/repository/net/serenity-bdd/serenity-screenplay/4.0.28/serenity-screenplay-4.0.28.jar:/Users/varunkumarb/.m2/repository/net/serenity-bdd/serenity-screenplay-webdriver/4.0.28/serenity-screenplay-webdriver-4.0.28.jar:/Users/varunkumarb/.m2/repository/io/cucumber/cucumber-core/7.14.0/cucumber-core-7.14.0.jar:/Users/varunkumarb/.m2/repository/io/cucumber/cucumber-gherkin/7.14.0/cucumber-gherkin-7.14.0.jar:/Users/varunkumarb/.m2/repository/io/cucumber/cucumber-gherkin-messages/7.14.0/cucumber-gherkin-messages-7.14.0.jar:/Users/varunkumarb/.m2/repository/io/cucumber/gherkin/26.2.0/gherkin-26.2.0.jar:/Users/varunkumarb/.m2/repository/io/cucumber/messages/22.0.0/messages-22.0.0.jar:/Users/varunkumarb/.m2/repository/io/cucumber/tag-expressions/5.0.6/tag-expressions-5.0.6.jar:/Users/varunkumarb/.m2/repository/io/cucumber/cucumber-expressions/16.1.2/cucumber-expressions-16.1.2.jar:/Users/varunkumarb/.m2/repository/io/cucumber/datatable/7.14.0/datatable-7.14.0.jar:/Users/varunkumarb/.m2/repository/io/cucumber/cucumber-plugin/7.14.0/cucumber-plugin-7.14.0.jar:/Users/varunkumarb/.m2/repository/io/cucumber/docstring/7.14.0/docstring-7.14.0.jar:/Users/varunkumarb/.m2/repository/io/cucumber/html-formatter/20.4.0/html-formatter-20.4.0.jar:/Users/varunkumarb/.m2/repository/io/cucumber/junit-xml-formatter/0.2.0/junit-xml-formatter-0.2.0.jar:/Users/varunkumarb/.m2/repository/io/cucumber/ci-environment/9.2.0/ci-environment-9.2.0.jar:/Users/varunkumarb/.m2/repository/io/cucumber/cucumber-java/7.14.0/cucumber-java-7.14.0.jar:/Users/varunkumarb/.m2/repository/io/cucumber/cucumber-junit/7.14.0/cucumber-junit-7.14.0.jar:/Users/varunkumarb/.m2/repository/org/apiguardian/apiguardian-api/1.1.2/apiguardian-api-1.1.2.jar:/Users/varunkumarb/.m2/repository/org/apache/commons/commons-csv/1.5/commons-csv-1.5.jar:/Users/varunkumarb/.m2/repository/net/serenity-bdd/serenity-ensure/4.0.28/serenity-ensure-4.0.28.jar:/Users/varunkumarb/.m2/repository/org/jetbrains/kotlin/kotlin-stdlib/1.9.0/kotlin-stdlib-1.9.0.jar:/Users/varunkumarb/.m2/repository/org/jetbrains/kotlin/kotlin-stdlib-common/1.9.0/kotlin-stdlib-common-1.9.0.jar:/Users/varunkumarb/.m2/repository/org/jetbrains/annotations/13.0/annotations-13.0.jar:/Users/varunkumarb/.m2/repository/net/serenity-bdd/serenity-junit/4.0.28/serenity-junit-4.0.28.jar:/Users/varunkumarb/.m2/repository/junit/junit/4.13.2/junit-4.13.2.jar:/Users/varunkumarb/.m2/repository/jakarta/xml/bind/jakarta.xml.bind-api/4.0.0/jakarta.xml.bind-api-4.0.0.jar:/Users/varunkumarb/.m2/repository/jakarta/activation/jakarta.activation-api/2.1.0/jakarta.activation-api-2.1.0.jar:/Users/varunkumarb/.m2/repository/org/slf4j/slf4j-api/2.0.9/slf4j-api-2.0.9.jar:/Users/varunkumarb/.m2/repository/org/assertj/assertj-core/3.24.2/assertj-core-3.24.2.jar:/Users/varunkumarb/.m2/repository/net/bytebuddy/byte-buddy/1.12.21/byte-buddy-1.12.21.jar:/Users/varunkumarb/.m2/repository/org/apache/poi/poi-ooxml/5.2.5/poi-ooxml-5.2.5.jar:/Users/varunkumarb/.m2/repository/org/apache/poi/poi/5.2.5/poi-5.2.5.jar:/Users/varunkumarb/.m2/repository/org/apache/commons/commons-math3/3.6.1/commons-math3-3.6.1.jar:/Users/varunkumarb/.m2/repository/com/zaxxer/SparseBitSet/1.3/SparseBitSet-1.3.jar:/Users/varunkumarb/.m2/repository/org/apache/poi/poi-ooxml-lite/5.2.5/poi-ooxml-lite-5.2.5.jar:/Users/varunkumarb/.m2/repository/org/apache/xmlbeans/xmlbeans/5.2.0/xmlbeans-5.2.0.jar:/Users/varunkumarb/.m2/repository/com/github/virtuald/curvesapi/1.08/curvesapi-1.08.jar:/Users/varunkumarb/.m2/repository/org/apache/logging/log4j/log4j-api/2.21.1/log4j-api-2.21.1.jar:/Users/varunkumarb/.m2/repository/org/apache/commons/commons-collections4/4.4/commons-collections4-4.4.jar:/Users/varunkumarb/.m2/repository/org/slf4j/slf4j-simple/2.0.9/slf4j-simple-2.0.9.jar:/Users/varunkumarb/.m2/repository/org/projectlombok/lombok/1.18.30/lombok-1.18.30.jar:/Users/varunkumarb/.m2/repository/com/microsoft/sqlserver/mssql-jdbc/12.4.2.jre8/mssql-jdbc-12.4.2.jre8.jar:/Users/varunkumarb/.m2/repository/org/postgresql/postgresql/42.7.1/postgresql-42.7.1.jar:/Users/varunkumarb/.m2/repository/org/checkerframework/checker-qual/3.41.0/checker-qual-3.41.0.jar:/Users/varunkumarb/.m2/repository/com/flagsmith/flagsmith-java-client/7.1.0/flagsmith-java-client-7.1.0.jar:/Users/varunkumarb/.m2/repository/com/squareup/okhttp3/okhttp/4.11.0/okhttp-4.11.0.jar:/Users/varunkumarb/.m2/repository/com/squareup/okio/okio/3.2.0/okio-3.2.0.jar:/Users/varunkumarb/.m2/repository/com/squareup/okio/okio-jvm/3.2.0/okio-jvm-3.2.0.jar:/Users/varunkumarb/.m2/repository/org/jetbrains/kotlin/kotlin-stdlib-jdk8/1.6.20/kotlin-stdlib-jdk8-1.6.20.jar:/Users/varunkumarb/.m2/repository/org/jetbrains/kotlin/kotlin-stdlib-jdk7/1.6.20/kotlin-stdlib-jdk7-1.6.20.jar:/Users/varunkumarb/.m2/repository/com/fasterxml/jackson/core/jackson-annotations/2.15.2/jackson-annotations-2.15.2.jar:/Users/varunkumarb/.m2/repository/com/github/ben-manes/caffeine/caffeine/2.9.0/caffeine-2.9.0.jar:/Users/varunkumarb/.m2/repository/com/google/errorprone/error_prone_annotations/2.5.1/error_prone_annotations-2.5.1.jar:/Users/varunkumarb/.m2/repository/org/apache/maven/maven-artifact/3.6.3/maven-artifact-3.6.3.jar:/Users/varunkumarb/.m2/repository/org/codehaus/plexus/plexus-utils/3.2.1/plexus-utils-3.2.1.jar:/Users/varunkumarb/.m2/repository/net/serenity-bdd/serenity-rest-assured/4.0.28/serenity-rest-assured-4.0.28.jar:/Users/varunkumarb/.m2/repository/io/rest-assured/rest-assured/5.3.2/rest-assured-5.3.2.jar:/Users/varunkumarb/.m2/repository/org/ccil/cowan/tagsoup/tagsoup/1.2.1/tagsoup-1.2.1.jar:/Users/varunkumarb/.m2/repository/io/rest-assured/json-path/5.3.2/json-path-5.3.2.jar:/Users/varunkumarb/.m2/repository/io/rest-assured/rest-assured-common/5.3.2/rest-assured-common-5.3.2.jar:/Users/varunkumarb/.m2/repository/io/rest-assured/xml-path/5.3.2/xml-path-5.3.2.jar:/Users/varunkumarb/.m2/repository/org/apache/groovy/groovy-json/4.0.13/groovy-json-4.0.13.jar:/Users/varunkumarb/.m2/repository/org/apache/groovy/groovy-xml/4.0.13/groovy-xml-4.0.13.jar:/Users/varunkumarb/.m2/repository/org/opentest4j/opentest4j/1.2.0/opentest4j-1.2.0.jar:/Users/varunkumarb/.m2/repository/org/mongodb/mongo-java-driver/3.12.14/mongo-java-driver-3.12.14.jar:/Users/varunkumarb/.m2/repository/com/azure/azure-storage-blob/12.25.1/azure-storage-blob-12.25.1.jar:/Users/varunkumarb/.m2/repository/com/azure/azure-core/1.45.1/azure-core-1.45.1.jar:/Users/varunkumarb/.m2/repository/com/azure/azure-json/1.1.0/azure-json-1.1.0.jar:/Users/varunkumarb/.m2/repository/com/fasterxml/jackson/datatype/jackson-datatype-jsr310/2.13.5/jackson-datatype-jsr310-2.13.5.jar:/Users/varunkumarb/.m2/repository/io/projectreactor/reactor-core/3.4.34/reactor-core-3.4.34.jar:/Users/varunkumarb/.m2/repository/org/reactivestreams/reactive-streams/1.0.4/reactive-streams-1.0.4.jar:/Users/varunkumarb/.m2/repository/com/azure/azure-core-http-netty/1.13.11/azure-core-http-netty-1.13.11.jar:/Users/varunkumarb/.m2/repository/io/netty/netty-handler/4.1.101.Final/netty-handler-4.1.101.Final.jar:/Users/varunkumarb/.m2/repository/io/netty/netty-resolver/4.1.101.Final/netty-resolver-4.1.101.Final.jar:/Users/varunkumarb/.m2/repository/io/netty/netty-transport/4.1.101.Final/netty-transport-4.1.101.Final.jar:/Users/varunkumarb/.m2/repository/io/netty/netty-handler-proxy/4.1.101.Final/netty-handler-proxy-4.1.101.Final.jar:/Users/varunkumarb/.m2/repository/io/netty/netty-codec-socks/4.1.101.Final/netty-codec-socks-4.1.101.Final.jar:/Users/varunkumarb/.m2/repository/io/netty/netty-buffer/4.1.101.Final/netty-buffer-4.1.101.Final.jar:/Users/varunkumarb/.m2/repository/io/netty/netty-codec/4.1.101.Final/netty-codec-4.1.101.Final.jar:/Users/varunkumarb/.m2/repository/io/netty/netty-codec-http/4.1.101.Final/netty-codec-http-4.1.101.Final.jar:/Users/varunkumarb/.m2/repository/io/netty/netty-codec-http2/4.1.101.Final/netty-codec-http2-4.1.101.Final.jar:/Users/varunkumarb/.m2/repository/io/netty/netty-transport-native-unix-common/4.1.101.Final/netty-transport-native-unix-common-4.1.101.Final.jar:/Users/varunkumarb/.m2/repository/io/netty/netty-transport-native-epoll/4.1.101.Final/netty-transport-native-epoll-4.1.101.Final-linux-x86_64.jar:/Users/varunkumarb/.m2/repository/io/netty/netty-transport-classes-epoll/4.1.101.Final/netty-transport-classes-epoll-4.1.101.Final.jar:/Users/varunkumarb/.m2/repository/io/netty/netty-transport-native-kqueue/4.1.101.Final/netty-transport-native-kqueue-4.1.101.Final-osx-x86_64.jar:/Users/varunkumarb/.m2/repository/io/netty/netty-transport-classes-kqueue/4.1.101.Final/netty-transport-classes-kqueue-4.1.101.Final.jar:/Users/varunkumarb/.m2/repository/io/netty/netty-tcnative-boringssl-static/2.0.62.Final/netty-tcnative-boringssl-static-2.0.62.Final.jar:/Users/varunkumarb/.m2/repository/io/netty/netty-tcnative-classes/2.0.62.Final/netty-tcnative-classes-2.0.62.Final.jar:/Users/varunkumarb/.m2/repository/io/netty/netty-tcnative-boringssl-static/2.0.62.Final/netty-tcnative-boringssl-static-2.0.62.Final-linux-x86_64.jar:/Users/varunkumarb/.m2/repository/io/netty/netty-tcnative-boringssl-static/2.0.62.Final/netty-tcnative-boringssl-static-2.0.62.Final-linux-aarch_64.jar:/Users/varunkumarb/.m2/repository/io/netty/netty-tcnative-boringssl-static/2.0.62.Final/netty-tcnative-boringssl-static-2.0.62.Final-osx-x86_64.jar:/Users/varunkumarb/.m2/repository/io/netty/netty-tcnative-boringssl-static/2.0.62.Final/netty-tcnative-boringssl-static-2.0.62.Final-osx-aarch_64.jar:/Users/varunkumarb/.m2/repository/io/netty/netty-tcnative-boringssl-static/2.0.62.Final/netty-tcnative-boringssl-static-2.0.62.Final-windows-x86_64.jar:/Users/varunkumarb/.m2/repository/io/projectreactor/netty/reactor-netty-http/1.0.39/reactor-netty-http-1.0.39.jar:/Users/varunkumarb/.m2/repository/io/netty/netty-resolver-dns/4.1.101.Final/netty-resolver-dns-4.1.101.Final.jar:/Users/varunkumarb/.m2/repository/io/netty/netty-codec-dns/4.1.101.Final/netty-codec-dns-4.1.101.Final.jar:/Users/varunkumarb/.m2/repository/io/netty/netty-resolver-dns-native-macos/4.1.101.Final/netty-resolver-dns-native-macos-4.1.101.Final-osx-x86_64.jar:/Users/varunkumarb/.m2/repository/io/netty/netty-resolver-dns-classes-macos/4.1.101.Final/netty-resolver-dns-classes-macos-4.1.101.Final.jar:/Users/varunkumarb/.m2/repository/io/projectreactor/netty/reactor-netty-core/1.0.39/reactor-netty-core-1.0.39.jar:/Users/varunkumarb/.m2/repository/io/netty/netty-common/4.1.101.Final/netty-common-4.1.101.Final.jar:/Users/varunkumarb/.m2/repository/com/azure/azure-storage-common/12.24.1/azure-storage-common-12.24.1.jar:/Users/varunkumarb/.m2/repository/com/azure/azure-storage-internal-avro/12.10.1/azure-storage-internal-avro-12.10.1.jar:/Users/varunkumarb/.m2/repository/com/fasterxml/jackson/dataformat/jackson-dataformat-xml/2.13.5/jackson-dataformat-xml-2.13.5.jar:/Users/varunkumarb/.m2/repository/org/codehaus/woodstox/stax2-api/4.2.1/stax2-api-4.2.1.jar:/Users/varunkumarb/.m2/repository/com/fasterxml/woodstox/woodstox-core/6.4.0/woodstox-core-6.4.0.jar:/Users/varunkumarb/.m2/repository/org/json/json/20180130/json-20180130.jar:/Users/varunkumarb/.m2/repository/com/azure/azure-storage-queue/12.17.1/azure-storage-queue-12.17.1.jar:/Users/varunkumarb/.m2/repository/com/jayway/jsonpath/json-path/2.9.0/json-path-2.9.0.jar:/Users/varunkumarb/.m2/repository/net/minidev/json-smart/2.5.0/json-smart-2.5.0.jar:/Users/varunkumarb/.m2/repository/net/minidev/accessors-smart/2.5.0/accessors-smart-2.5.0.jar:/Users/varunkumarb/.m2/repository/org/ow2/asm/asm/9.3/asm-9.3.jar:/Users/varunkumarb/.m2/repository/net/datafaker/datafaker/2.3.0/datafaker-2.3.0.jar:/Users/varunkumarb/.m2/repository/org/yaml/snakeyaml/2.2/snakeyaml-2.2.jar:/Users/varunkumarb/.m2/repository/com/github/curious-odd-man/rgxgen/2.0/rgxgen-2.0.jar:/Users/varunkumarb/.m2/repository/com/googlecode/libphonenumber/libphonenumber/8.13.40/libphonenumber-8.13.40.jar:"/>
    <property name="sun.cpu.endian" value="little"/>
    <property name="user.home" value="/Users/varunkumarb"/>
    <property name="user.language" value="en"/>
    <property name="java.specification.vendor" value="Oracle Corporation"/>
    <property name="threadCount" value="1"/>
    <property name="java.version.date" value="2025-01-21"/>
    <property name="java.home" value="/Users/varunkumarb/Library/Java/JavaVirtualMachines/openjdk-23.0.2/Contents/Home"/>
    <property name="file.separator" value="/"/>
    <property name="basedir" value="/Users/varunkumarb/Downloads/autotest-web"/>
    <property name="java.vm.compressedOopsMode" value="Zero based"/>
    <property name="line.separator" value="&#10;"/>
    <property name="java.vm.specification.vendor" value="Oracle Corporation"/>
    <property name="java.specification.name" value="Java Platform API Specification"/>
    <property name="apple.awt.application.name" value="ForkedBooter"/>
    <property name="surefire.real.class.path" value="/Users/varunkumarb/Downloads/autotest-web/target/surefire/surefirebooter-20250401143554119_3.jar"/>
    <property name="sun.management.compiler" value="HotSpot 64-Bit Tiered Compilers"/>
    <property name="ftp.nonProxyHosts" value="local|*.local|169.254/16|*.169.254/16"/>
    <property name="java.runtime.version" value="23.0.2+7-58"/>
    <property name="user.name" value="varunkumarb"/>
    <property name="stdout.encoding" value="UTF-8"/>
    <property name="path.separator" value=":"/>
    <property name="otel.metrics.exporter" value="none"/>
    <property name="os.version" value="15.3.2"/>
    <property name="java.runtime.name" value="OpenJDK Runtime Environment"/>
    <property name="database" value="NCA-int"/>
    <property name="otel.traces.exporter" value="none"/>
    <property name="file.encoding" value="UTF-8"/>
    <property name="java.vm.name" value="OpenJDK 64-Bit Server VM"/>
    <property name="localRepository" value="/Users/varunkumarb/.m2/repository"/>
    <property name="java.vendor.url.bug" value="https://bugreport.java.com/bugreport/"/>
    <property name="otel.logs.exporter" value="none"/>
    <property name="java.io.tmpdir" value="/var/folders/vg/69pbwk_s3wbg49m77k8dx48w0000gq/T/"/>
    <property name="java.version" value="23.0.2"/>
    <property name="cucumber.filter.tags" value="@KD"/>
    <property name="user.dir" value="/Users/varunkumarb/Downloads/autotest-web"/>
    <property name="os.arch" value="x86_64"/>
    <property name="java.vm.specification.name" value="Java Virtual Machine Specification"/>
    <property name="native.encoding" value="UTF-8"/>
    <property name="environment" value="aks-int"/>
    <property name="java.library.path" value="/Users/varunkumarb/Library/Java/Extensions:/Library/Java/Extensions:/Network/Library/Java/Extensions:/System/Library/Java/Extensions:/usr/lib/java:."/>
    <property name="java.vm.info" value="mixed mode, sharing"/>
    <property name="stderr.encoding" value="UTF-8"/>
    <property name="java.vendor" value="Oracle Corporation"/>
    <property name="java.vm.version" value="23.0.2+7-58"/>
    <property name="sun.io.unicode.encoding" value="UnicodeBig"/>
    <property name="socksNonProxyHosts" value="local|*.local|169.254/16|*.169.254/16"/>
    <property name="java.class.version" value="67.0"/>
  </properties>
  <testcase name="Create an authorizer for KastleDirect" classname="Login to All Applications with Account Creation" time="17.193">
    <system-err><![CDATA[[pool-3-thread-1] INFO  - 
  _____   ___   ___   _____     ___   _____     _     ___   _____   ___   ___  
 |_   _| | __| / __| |_   _|   / __| |_   _|   /_\   | _ \ |_   _| | __| |   \ 
   | |   | _|  \__ \   | |     \__ \   | |    / _ \  |   /   | |   | _|  | |) |
   |_|   |___| |___/   |_|     |___/   |_|   /_/ \_\ |_|_\   |_|   |___| |___/ 

Create an authorizer for KastleDirect(login-to-all-applications-with-account-creation;create-an-authorizer-for-kastledirect)
--------------------------------------------------------------------------------
Apr 01, 2025 2:35:57 PM org.openqa.selenium.remote.tracing.opentelemetry.OpenTelemetryTracer createTracer
INFO: Using OpenTelemetry for tracing
[pool-3-thread-1] INFO starter.Pages.kastleDirectPages.KDHomePage.KDHomePage - App Path: KastleDirect
[pool-3-thread-1] INFO starter.Pages.kastleDirectPages.KDHomePage.KDHomePage - kastlesDirect application opened at URL: https://www.google.com/KastleDirect
[pool-3-thread-1] INFO  - &amp#27;[92m
  _____   ___   ___   _____     ___     _     ___   ___   ___   ___  
 |_   _| | __| / __| |_   _|   | _ \   /_\   / __| / __| | __| |   \ 
   | |   | _|  \__ \   | |     |  _/  / _ \  \__ \ \__ \ | _|  | |) |
   |_|   |___| |___/   |_|     |_|   /_/ \_\ |___/ |___/ |___| |___/ 

Create an authorizer for KastleDirect
----------------------------------------------------------------------&amp#27;[0m
]]></system-err>
  </testcase>
  <testcase name="Login To MK Application" classname="Login to All Applications with Account Creation" time="14.036">
    <system-err><![CDATA[[pool-3-thread-1] INFO  - 
  _____   ___   ___   _____     ___   _____     _     ___   _____   ___   ___  
 |_   _| | __| / __| |_   _|   / __| |_   _|   /_\   | _ \ |_   _| | __| |   \ 
   | |   | _|  \__ \   | |     \__ \   | |    / _ \  |   /   | |   | _|  | |) |
   |_|   |___| |___/   |_|     |___/   |_|   /_/ \_\ |_|_\   |_|   |___| |___/ 

Login To MK Application(login-to-all-applications-with-account-creation;login-to-mk-application)
--------------------------------------------------------------------------------
[pool-3-thread-1] INFO starter.Pages.kastleDirectPages.KDHomePage.KDHomePage - App Path: KastleDirect
[pool-3-thread-1] INFO starter.Pages.kastleDirectPages.KDHomePage.KDHomePage - kastlesDirect application opened at URL: https://www.google.com/KastleDirect
[pool-3-thread-1] INFO  - &amp#27;[92m
  _____   ___   ___   _____     ___     _     ___   ___   ___   ___  
 |_   _| | __| / __| |_   _|   | _ \   /_\   / __| / __| | __| |   \ 
   | |   | _|  \__ \   | |     |  _/  / _ \  \__ \ \__ \ | _|  | |) |
   |_|   |___| |___/   |_|     |_|   /_/ \_\ |___/ |___/ |___| |___/ 

Login To MK Application
----------------------------------------------------------------------&amp#27;[0m
]]></system-err>
  </testcase>
  <testcase name="Login To KD Application" classname="Login to All Applications with Account Creation" time="14.524">
    <system-err><![CDATA[[pool-3-thread-1] INFO  - 
  _____   ___   ___   _____     ___   _____     _     ___   _____   ___   ___  
 |_   _| | __| / __| |_   _|   / __| |_   _|   /_\   | _ \ |_   _| | __| |   \ 
   | |   | _|  \__ \   | |     \__ \   | |    / _ \  |   /   | |   | _|  | |) |
   |_|   |___| |___/   |_|     |___/   |_|   /_/ \_\ |_|_\   |_|   |___| |___/ 

Login To KD Application(login-to-all-applications-with-account-creation;login-to-kd-application)
--------------------------------------------------------------------------------
[pool-3-thread-1] INFO starter.Pages.kastleDirectPages.KDHomePage.KDHomePage - App Path: KastleDirect
[pool-3-thread-1] INFO starter.Pages.kastleDirectPages.KDHomePage.KDHomePage - kastlesDirect application opened at URL: https://www.google.com/KastleDirect
[pool-3-thread-1] INFO  - &amp#27;[92m
  _____   ___   ___   _____     ___     _     ___   ___   ___   ___  
 |_   _| | __| / __| |_   _|   | _ \   /_\   / __| / __| | __| |   \ 
   | |   | _|  \__ \   | |     |  _/  / _ \  \__ \ \__ \ | _|  | |) |
   |_|   |___| |___/   |_|     |_|   /_/ \_\ |___/ |___/ |___| |___/ 

Login To KD Application
----------------------------------------------------------------------&amp#27;[0m
]]></system-err>
  </testcase>
</testsuite>